[13:45:02] [ServerMain/INFO]: Environment: Environment[sessionHost=https://sessionserver.mojang.com, servicesHost=https://api.minecraftservices.com, name=PROD]
[13:45:05] [ServerMain/INFO]: Loaded 7 recipes
[13:45:05] [ServerMain/INFO]: Loaded 1271 advancements
[13:45:06] [Server thread/INFO]: Starting minecraft server version 1.20.4
[13:45:06] [Server thread/INFO]: Loading properties
[13:45:06] [Server thread/INFO]: Default game type: SURVIVAL
[13:45:06] [Server thread/INFO]: Generating keypair
[13:45:06] [Server thread/INFO]: Starting Minecraft server on *:25565
[13:45:06] [Server thread/INFO]: Using epoll channel type
[13:45:06] [Server thread/INFO]: Preparing level "world"
[13:45:07] [Server thread/INFO]: Preparing start region for dimension minecraft:overworld
[13:45:09] [Worker-Main-12/INFO]: Preparing spawn area: 0%
[13:45:09] [Worker-Main-8/INFO]: Preparing spawn area: 0%
[13:45:09] [Worker-Main-10/INFO]: Preparing spawn area: 0%
[13:45:09] [Worker-Main-5/INFO]: Preparing spawn area: 0%
[13:45:09] [Worker-Main-10/INFO]: Preparing spawn area: 0%
[13:45:10] [Worker-Main-8/INFO]: Preparing spawn area: 0%
[13:45:10] [Worker-Main-4/INFO]: Preparing spawn area: 0%
[13:45:11] [Worker-Main-3/INFO]: Preparing spawn area: 17%
[13:45:11] [Worker-Main-7/INFO]: Preparing spawn area: 88%
[13:45:11] [Server thread/INFO]: Time elapsed: 4085 ms
[13:45:11] [Server thread/INFO]: Done (5.087s)! For help, type "help"
[13:45:11] [Server thread/INFO]: Starting remote control listener
[13:45:11] [Server thread/INFO]: Thread RCON Listener started
[13:45:11] [Server thread/INFO]: RCON running on 0.0.0.0:25575
